<?xml version="1.0" encoding="UTF-8"?>
<!-- Generated by org.testng.reporters.JUnitReportReporter -->
<testsuite hostname="EOXVAINDLT626" failures="0" tests="1" name="com.eox.externalhdo.elementfleet.test.ApplicationAcknowledgementTest" time="41.090" errors="0" timestamp="2025-06-30T18:20:44 IST" skipped="0">
  <testcase classname="com.eox.externalhdo.elementfleet.test.ApplicationAcknowledgementTest" name="insurancesubmission" time="41.090"/>
</testsuite> <!-- com.eox.externalhdo.elementfleet.test.ApplicationAcknowledgementTest -->
