<?xml version="1.0" encoding="UTF-8"?>
<!-- Generated by org.testng.reporters.JUnitReportReporter -->
<testsuite hostname="EOXVAINDLT626" failures="0" tests="1" name="com.eox.externalhdo.amazon.test.MyCompanyMandatoryTest" time="29.472" errors="0" timestamp="2025-07-24T15:56:01 IST" skipped="0">
  <testcase classname="com.eox.externalhdo.amazon.test.MyCompanyMandatoryTest" name="mandatoryCheck" time="29.472"/>
</testsuite> <!-- com.eox.externalhdo.amazon.test.MyCompanyMandatoryTest -->
