<?xml version="1.0" encoding="UTF-8"?>
<!-- Generated by org.testng.reporters.JUnitReportReporter -->
<testsuite hostname="EOXVAINDLT922" failures="0" tests="1" name="com.eox.functional.Hdo.base.PracClass" time="37.629" errors="0" timestamp="2025-05-26T17:41:50 IST" skipped="0">
  <testcase classname="com.eox.functional.Hdo.base.PracClass" name="myTest" time="37.629"/>
</testsuite> <!-- com.eox.functional.Hdo.base.PracClass -->
