<?xml version="1.0" encoding="UTF-8"?>
<!-- Generated by org.testng.reporters.JUnitReportReporter -->
<testsuite hostname="EOXVAINDLT886" failures="0" tests="1" name="com.eox.externalhdo.elementfleet.tests.CreateHubAdmin" time="35.197" errors="0" timestamp="2025-07-14T12:47:56 IST" skipped="0">
  <testcase classname="com.eox.externalhdo.elementfleet.tests.CreateHubAdmin" name="createProducer" time="35.197"/>
</testsuite> <!-- com.eox.externalhdo.elementfleet.tests.CreateHubAdmin -->
