<?xml version="1.0" encoding="UTF-8"?>
<!-- Generated by org.testng.reporters.JUnitReportReporter -->
<testsuite hostname="EOXVAINDLT626" failures="0" tests="1" name="com.eox.externalhdo.elementfleet.tests.RecordDelete" time="11.148" errors="0" timestamp="2025-07-23T15:58:35 IST" skipped="0">
  <testcase classname="com.eox.externalhdo.elementfleet.tests.RecordDelete" name="recordDelete" time="11.148"/>
</testsuite> <!-- com.eox.externalhdo.elementfleet.tests.RecordDelete -->
