<?xml version="1.0" encoding="UTF-8"?>
<!-- Generated by org.testng.reporters.JUnitReportReporter -->
<testsuite hostname="EOXVAINDLT626" failures="0" tests="1" name="com.eox.externalhdo.elementfleet.test.ReferralConditionTest" time="143.800" errors="0" timestamp="2025-07-21T22:14:55 IST" skipped="0">
  <testcase classname="com.eox.externalhdo.elementfleet.test.ReferralConditionTest" name="clientAdminSubmit" time="143.800"/>
</testsuite> <!-- com.eox.externalhdo.elementfleet.test.ReferralConditionTest -->
