<?xml version="1.0" encoding="UTF-8"?>
<!-- Generated by org.testng.reporters.JUnitReportReporter -->
<testsuite hostname="EOXVAINDLT626" failures="0" tests="1" name="com.eox.externalhdo.elementfleet.test.EditApplicationTest" time="34.809" errors="0" timestamp="2025-07-21T17:39:07 IST" skipped="0">
  <testcase classname="com.eox.externalhdo.elementfleet.test.EditApplicationTest" name="editApplication" time="34.809"/>
</testsuite> <!-- com.eox.externalhdo.elementfleet.test.EditApplicationTest -->
