<?xml version="1.0" encoding="UTF-8"?>
<!-- Generated by org.testng.reporters.JUnitReportReporter -->
<testsuite hostname="EOXVAINDLT886" failures="0" tests="1" name="com.eox.externalhdo.elementfleet.tests.CreateAccountingUserFromClientAdmin" time="35.096" errors="0" timestamp="2025-07-14T16:49:48 IST" skipped="0">
  <testcase classname="com.eox.externalhdo.elementfleet.tests.CreateAccountingUserFromClientAdmin" name="createProducer" time="35.096"/>
</testsuite> <!-- com.eox.externalhdo.elementfleet.tests.CreateAccountingUserFromClientAdmin -->
