<?xml version="1.0" encoding="UTF-8"?>
<!-- Generated by org.testng.reporters.JUnitReportReporter -->
<testsuite hostname="EOXVAINDLT626" failures="0" tests="1" name="com.eox.externalhdo.elementfleet.tests.EF_E2Testsecond" time="33.874" errors="0" timestamp="2025-07-24T09:46:06 IST" skipped="0">
  <testcase classname="com.eox.externalhdo.elementfleet.tests.EF_E2Testsecond" name="quoteAccept" time="33.874"/>
</testsuite> <!-- com.eox.externalhdo.elementfleet.tests.EF_E2Testsecond -->
