<?xml version="1.0" encoding="UTF-8"?>
<!-- Generated by org.testng.reporters.JUnitReportReporter -->
<testsuite hostname="EOXVAINDLT626" failures="0" tests="1" name="com.eox.externalhdo.amazon.test.MyCompanysubmissionTest" time="82.316" errors="0" timestamp="2025-07-02T11:41:53 IST" skipped="0">
  <testcase classname="com.eox.externalhdo.amazon.test.MyCompanysubmissionTest" name="mcdSubmission" time="82.316"/>
</testsuite> <!-- com.eox.externalhdo.amazon.test.MyCompanysubmissionTest -->
