<?xml version="1.0" encoding="UTF-8"?>
<!-- Generated by org.testng.reporters.JUnitReportReporter -->
<testsuite hostname="EOXVAINDLT626" failures="0" tests="1" name="com.eox.externalhdo.elementfleet.test.InsuranceFormExcelUpload" time="86.845" errors="0" timestamp="2025-07-22T00:52:07 IST" skipped="0">
  <testcase classname="com.eox.externalhdo.elementfleet.test.InsuranceFormExcelUpload" name="excelUpload" time="86.845"/>
</testsuite> <!-- com.eox.externalhdo.elementfleet.test.InsuranceFormExcelUpload -->
