<?xml version="1.0" encoding="UTF-8"?>
<!-- Generated by org.testng.reporters.JUnitReportReporter -->
<testsuite hostname="EOXVAINDLT626" failures="0" tests="1" name="com.eox.externalhdo.amazon.test.MyCompanyMandatoryTest" time="28.862" errors="0" timestamp="2025-07-08T18:51:59 IST" skipped="0">
  <testcase classname="com.eox.externalhdo.amazon.test.MyCompanyMandatoryTest" name="mandatoryCheck" time="28.862"/>
</testsuite> <!-- com.eox.externalhdo.amazon.test.MyCompanyMandatoryTest -->
