<?xml version="1.0" encoding="UTF-8"?>
<!-- Generated by org.testng.reporters.JUnitReportReporter -->
<testsuite hostname="EOXVAINDLT886" failures="0" tests="1" name="com.eox.externalhdo.elementfleet.tests.CreateElementAdmin" time="33.964" errors="0" timestamp="2025-07-14T12:46:16 IST" skipped="0">
  <testcase classname="com.eox.externalhdo.elementfleet.tests.CreateElementAdmin" name="createProducer" time="33.964"/>
</testsuite> <!-- com.eox.externalhdo.elementfleet.tests.CreateElementAdmin -->
