<?xml version="1.0" encoding="UTF-8"?>
<!-- Generated by org.testng.reporters.JUnitReportReporter -->
<testsuite hostname="EOXVAINDLT886" failures="0" tests="1" name="com.eox.externalhdo.elementfleet.tests.CreateSpgCoveringOpsAccountManage" time="41.446" errors="0" timestamp="2025-07-14T12:53:16 IST" skipped="0">
  <testcase classname="com.eox.externalhdo.elementfleet.tests.CreateSpgCoveringOpsAccountManage" name="createProducer" time="41.446"/>
</testsuite> <!-- com.eox.externalhdo.elementfleet.tests.CreateSpgCoveringOpsAccountManage -->
