<?xml version="1.0" encoding="UTF-8"?>
<!-- Generated by org.testng.reporters.JUnitReportReporter -->
<testsuite hostname="EOXVAINDLT626" failures="0" tests="1" name="com.eox.externalhdo.elementfleet.tests.EF_E2ETest" time="169.151" errors="0" timestamp="2025-07-23T17:50:05 IST" skipped="0">
  <testcase classname="com.eox.externalhdo.elementfleet.tests.EF_E2ETest" name="insuranceApplicationSubmission" time="169.151"/>
</testsuite> <!-- com.eox.externalhdo.elementfleet.tests.EF_E2ETest -->
