<?xml version="1.0" encoding="UTF-8"?>
<!-- Generated by org.testng.reporters.JUnitReportReporter -->
<testsuite hostname="EOXVAINDLT626" failures="0" tests="1" name="com.eox.externalhdo.amazon.test.MyCompanyMandatory" time="32.864" errors="0" timestamp="2025-07-03T16:26:01 IST" skipped="0">
  <testcase classname="com.eox.externalhdo.amazon.test.MyCompanyMandatory" name="mandatoryCheck" time="32.864"/>
</testsuite> <!-- com.eox.externalhdo.amazon.test.MyCompanyMandatory -->
