<?xml version="1.0" encoding="UTF-8"?>
<!-- Generated by org.testng.reporters.JUnitReportReporter -->
<testsuite hostname="EOXVAINDLT626" failures="0" tests="1" name="com.eox.externalhdo.elementfleet.test.InsuranceFormSubmissionTest" time="123.147" errors="0" timestamp="2025-07-15T17:17:16 IST" skipped="0">
  <testcase classname="com.eox.externalhdo.elementfleet.test.InsuranceFormSubmissionTest" name="insuranceApplicationSubmission" time="123.147"/>
</testsuite> <!-- com.eox.externalhdo.elementfleet.test.InsuranceFormSubmissionTest -->
